TN:
SF:/Users/hermansvensk/Desktop/Nuvarande kurser/TDDC88/Company-CCC-Backend/backend/src/Machinepacks/machinepack-c3steam/machines/filters.js
FN:38,fn
FN:50,(anonymous_1)
FN:62,(anonymous_2)
FN:74,(anonymous_3)
FN:99,(anonymous_4)
FN:142,fetchFromSteam
FN:143,(anonymous_6)
FN:145,(anonymous_7)
FNF:8
FNH:5
FNDA:7,fn
FNDA:7,(anonymous_1)
FNDA:0,(anonymous_2)
FNDA:0,(anonymous_3)
FNDA:0,(anonymous_4)
FNDA:7,fetchFromSteam
FNDA:7,(anonymous_6)
FNDA:7,(anonymous_7)
DA:1,1
DA:2,1
DA:4,1
DA:43,7
DA:45,7
DA:46,7
DA:47,7
DA:48,7
DA:49,7
DA:51,7
DA:52,7
DA:53,7
DA:54,7
DA:55,7
DA:57,0
DA:60,0
DA:62,0
DA:64,0
DA:67,0
DA:69,0
DA:70,0
DA:71,0
DA:72,0
DA:73,0
DA:76,0
DA:77,0
DA:79,0
DA:80,0
DA:86,0
DA:89,0
DA:92,0
DA:94,0
DA:95,0
DA:96,0
DA:97,0
DA:98,0
DA:101,0
DA:103,0
DA:106,0
DA:109,0
DA:111,0
DA:112,0
DA:113,0
DA:115,0
DA:116,0
DA:117,0
DA:118,0
DA:121,0
DA:123,0
DA:125,0
DA:126,0
DA:128,0
DA:130,0
DA:133,0
DA:136,0
DA:139,0
DA:143,7
DA:144,7
DA:146,7
LF:59
LH:17
BRDA:45,0,0,7
BRDA:45,0,1,0
BRDA:46,1,0,7
BRDA:46,1,1,0
BRDA:47,2,0,7
BRDA:47,2,1,0
BRDA:53,3,0,7
BRDA:53,3,1,0
BRDA:69,4,0,0
BRDA:69,4,1,0
BRDA:70,5,0,0
BRDA:70,5,1,0
BRDA:71,6,0,0
BRDA:71,6,1,0
BRDA:94,7,0,0
BRDA:94,7,1,0
BRDA:95,8,0,0
BRDA:95,8,1,0
BRDA:96,9,0,0
BRDA:96,9,1,0
BRDA:111,10,0,0
BRDA:111,10,1,0
BRDA:112,11,0,0
BRDA:112,11,1,0
BRDA:113,12,0,0
BRDA:113,12,1,0
BRDA:125,13,0,0
BRDA:125,13,1,0
BRF:28
BRH:4
end_of_record
TN:
SF:/Users/hermansvensk/Desktop/Nuvarande kurser/TDDC88/Company-CCC-Backend/backend/src/Machinepacks/machinepack-c3twitch/machines/filters.js
FN:38,fn
FN:50,(anonymous_2)
FN:53,(anonymous_3)
FN:60,(anonymous_4)
FN:61,(anonymous_5)
FN:67,(anonymous_6)
FN:82,(anonymous_7)
FN:98,(anonymous_8)
FN:116,getTopGames
FN:117,(anonymous_10)
FN:121,(anonymous_11)
FN:123,(anonymous_12)
FN:124,(anonymous_13)
FN:132,fetchFromTwitch
FN:133,(anonymous_15)
FN:135,(anonymous_16)
FN:141,getSteamID
FN:149,(anonymous_18)
FN:152,error
FN:156,success
FN:163,gamesIsOnSale
FN:166,(anonymous_22)
FN:167,(anonymous_23)
FN:169,(anonymous_24)
FN:172,(anonymous_25)
FN:175,(anonymous_26)
FN:184,(anonymous_27)
FN:185,(anonymous_28)
FN:194,getSteamData
FN:202,(anonymous_30)
FN:205,error
FN:209,success
FNF:32
FNH:0
FNDA:0,fn
FNDA:0,(anonymous_2)
FNDA:0,(anonymous_3)
FNDA:0,(anonymous_4)
FNDA:0,(anonymous_5)
FNDA:0,(anonymous_6)
FNDA:0,(anonymous_7)
FNDA:0,(anonymous_8)
FNDA:0,getTopGames
FNDA:0,(anonymous_10)
FNDA:0,(anonymous_11)
FNDA:0,(anonymous_12)
FNDA:0,(anonymous_13)
FNDA:0,fetchFromTwitch
FNDA:0,(anonymous_15)
FNDA:0,(anonymous_16)
FNDA:0,getSteamID
FNDA:0,(anonymous_18)
FNDA:0,error
FNDA:0,success
FNDA:0,gamesIsOnSale
FNDA:0,(anonymous_22)
FNDA:0,(anonymous_23)
FNDA:0,(anonymous_24)
FNDA:0,(anonymous_25)
FNDA:0,(anonymous_26)
FNDA:0,(anonymous_27)
FNDA:0,(anonymous_28)
FNDA:0,getSteamData
FNDA:0,(anonymous_30)
FNDA:0,error
FNDA:0,success
DA:1,1
DA:2,1
DA:4,1
DA:41,0
DA:43,0
DA:44,0
DA:46,0
DA:47,0
DA:48,0
DA:49,0
DA:51,0
DA:54,0
DA:56,0
DA:57,0
DA:59,0
DA:61,0
DA:62,0
DA:63,0
DA:65,0
DA:68,0
DA:71,0
DA:74,0
DA:77,0
DA:78,0
DA:79,0
DA:80,0
DA:81,0
DA:84,0
DA:85,0
DA:89,0
DA:90,0
DA:92,0
DA:94,0
DA:97,0
DA:100,0
DA:101,0
DA:103,0
DA:107,0
DA:110,0
DA:113,0
DA:117,0
DA:118,0
DA:119,0
DA:120,0
DA:122,0
DA:123,0
DA:124,0
DA:127,0
DA:133,0
DA:134,0
DA:136,0
DA:142,0
DA:149,0
DA:150,0
DA:153,0
DA:157,0
DA:164,0
DA:165,0
DA:166,0
DA:167,0
DA:168,0
DA:170,0
DA:171,0
DA:173,0
DA:175,0
DA:177,0
DA:184,0
DA:185,0
DA:186,0
DA:187,0
DA:189,0
DA:195,0
DA:202,0
DA:203,0
DA:206,0
DA:210,0
LF:76
LH:3
BRDA:46,0,0,0
BRDA:46,0,1,0
BRDA:47,1,0,0
BRDA:47,1,1,0
BRDA:48,2,0,0
BRDA:48,2,1,0
BRDA:56,3,0,0
BRDA:56,3,1,0
BRDA:57,4,0,0
BRDA:57,4,1,0
BRDA:62,5,0,0
BRDA:62,5,1,0
BRDA:77,6,0,0
BRDA:77,6,1,0
BRDA:78,7,0,0
BRDA:78,7,1,0
BRDA:79,8,0,0
BRDA:79,8,1,0
BRDA:84,9,0,0
BRDA:84,9,1,0
BRDA:118,10,0,0
BRDA:118,10,1,0
BRDA:118,11,0,0
BRDA:118,11,1,0
BRDA:170,12,0,0
BRDA:170,12,1,0
BRF:26
BRH:0
end_of_record
TN:
SF:/Users/hermansvensk/Desktop/Nuvarande kurser/TDDC88/Company-CCC-Backend/backend/src/Machinepacks/machinepack-c3twitch/machines/health.js
FN:37,fn
FN:42,mockFetch
FN:43,(anonymous_2)
FN:44,(anonymous_3)
FN:56,fetchFromTwitch
FN:57,(anonymous_5)
FN:64,(anonymous_6)
FN:68,ping
FN:69,(anonymous_8)
FN:71,(anonymous_9)
FN:80,(anonymous_10)
FN:87,(anonymous_11)
FN:88,(anonymous_12)
FNF:13
FNH:0
FNDA:0,fn
FNDA:0,mockFetch
FNDA:0,(anonymous_2)
FNDA:0,(anonymous_3)
FNDA:0,fetchFromTwitch
FNDA:0,(anonymous_5)
FNDA:0,(anonymous_6)
FNDA:0,ping
FNDA:0,(anonymous_8)
FNDA:0,(anonymous_9)
FNDA:0,(anonymous_10)
FNDA:0,(anonymous_11)
FNDA:0,(anonymous_12)
DA:1,1
DA:3,1
DA:43,0
DA:44,0
DA:45,0
DA:48,0
DA:49,0
DA:57,0
DA:58,0
DA:59,0
DA:64,0
DA:69,0
DA:70,0
DA:72,0
DA:73,0
DA:75,0
DA:76,0
DA:77,0
DA:81,0
DA:82,0
DA:86,0
DA:87,0
DA:88,0
LF:23
LH:2
BRDA:72,0,0,0
BRDA:72,0,1,0
BRDA:75,1,0,0
BRDA:75,1,1,0
BRF:4
BRH:0
end_of_record
TN:
SF:/Users/hermansvensk/Desktop/Nuvarande kurser/TDDC88/Company-CCC-Backend/backend/src/Machinepacks/machinepack-c3twitch/machines/search.js
FN:31,fn
FNF:1
FNH:0
FNDA:0,fn
DA:1,1
DA:73,0
LF:2
LH:1
BRF:0
BRH:0
end_of_record
